/home/admin1/work/src/github.com/user/minio/BucketOperation>Finished running tool: /usr/local/go/bin/go build -i -o /tmp/vscode-gosT2DuA/go-code-check github.com/user/minio/BucketOperation
/home/admin1/work/src/github.com/minio/minio-go/pkg/encrypt/server-side.go:27: cannot find package "golang.org/x/crypto/argon2" in any of:
/home/admin1/work/src/golang.org/x/net/idna/idna.go:23: cannot find package "golang.org/x/text/secure/bidirule" in any of:
/home/admin1/work/src/golang.org/x/net/idna/idna.go:24: cannot find package "golang.org/x/text/unicode/bidi" in any of:
/home/admin1/work/src/golang.org/x/net/idna/idna.go:25: cannot find package "golang.org/x/text/unicode/norm" in any of:

/home/admin1/work/src/github.com/user/minio/BucketOperation>Finished running tool: /usr/local/go/bin/go vet ./...
/home/admin1/work/src/github.com/minio/minio-go/pkg/encrypt/server-side.go:27: cannot find package "golang.org/x/crypto/argon2" in any of:
/home/admin1/work/src/golang.org/x/net/idna/idna.go:23: cannot find package "golang.org/x/text/secure/bidirule" in any of:
/home/admin1/work/src/golang.org/x/net/idna/idna.go:24: cannot find package "golang.org/x/text/unicode/bidi" in any of:
/home/admin1/work/src/golang.org/x/net/idna/idna.go:25: cannot find package "golang.org/x/text/unicode/norm" in any of:

/home/admin1/work/src/github.com/user/minio/BucketOperation>Finished running tool: /usr/local/go/bin/go vet ./...
/home/admin1/work/src/github.com/minio/minio-go/pkg/encrypt/server-side.go:27: cannot find package "golang.org/x/crypto/argon2" in any of:
/home/admin1/work/src/golang.org/x/net/idna/idna.go:23: cannot find package "golang.org/x/text/secure/bidirule" in any of:
/home/admin1/work/src/golang.org/x/net/idna/idna.go:24: cannot find package "golang.org/x/text/unicode/bidi" in any of:
/home/admin1/work/src/golang.org/x/net/idna/idna.go:25: cannot find package "golang.org/x/text/unicode/norm" in any of:

/home/admin1/work/src/github.com/user/minio/BucketOperation>Finished running tool: /usr/local/go/bin/go build -i -o /tmp/vscode-gosT2DuA/go-code-check github.com/user/minio/BucketOperation
/home/admin1/work/src/github.com/minio/minio-go/pkg/encrypt/server-side.go:27: cannot find package "golang.org/x/crypto/argon2" in any of:
/home/admin1/work/src/golang.org/x/net/idna/idna.go:23: cannot find package "golang.org/x/text/secure/bidirule" in any of:
/home/admin1/work/src/golang.org/x/net/idna/idna.go:24: cannot find package "golang.org/x/text/unicode/bidi" in any of:
/home/admin1/work/src/golang.org/x/net/idna/idna.go:25: cannot find package "golang.org/x/text/unicode/norm" in any of:

/home/admin1/work/src/github.com/user/minio/BucketOperation>Finished running tool: /usr/local/go/bin/go vet ./...
/home/admin1/work/src/github.com/minio/minio-go/pkg/encrypt/server-side.go:27: cannot find package "golang.org/x/crypto/argon2" in any of:
/home/admin1/work/src/golang.org/x/net/idna/idna.go:23: cannot find package "golang.org/x/text/secure/bidirule" in any of:
/home/admin1/work/src/golang.org/x/net/idna/idna.go:24: cannot find package "golang.org/x/text/unicode/bidi" in any of:
/home/admin1/work/src/golang.org/x/net/idna/idna.go:25: cannot find package "golang.org/x/text/unicode/norm" in any of:

/home/admin1/work/src/github.com/user/minio/BucketOperation>Finished running tool: /usr/local/go/bin/go build -i -o /tmp/vscode-gosT2DuA/go-code-check github.com/user/minio/BucketOperation
/home/admin1/work/src/github.com/minio/minio-go/pkg/encrypt/server-side.go:27: cannot find package "golang.org/x/crypto/argon2" in any of:
/home/admin1/work/src/golang.org/x/net/idna/idna.go:23: cannot find package "golang.org/x/text/secure/bidirule" in any of:
/home/admin1/work/src/golang.org/x/net/idna/idna.go:24: cannot find package "golang.org/x/text/unicode/bidi" in any of:
/home/admin1/work/src/golang.org/x/net/idna/idna.go:25: cannot find package "golang.org/x/text/unicode/norm" in any of:

/home/admin1/work/src/github.com/user/minio/ObjectOperation>Finished running tool: /usr/local/go/bin/go build -i -o /tmp/vscode-gosT2DuA/go-code-check github.com/user/minio/ObjectOperation
/home/admin1/work/src/github.com/minio/minio-go/pkg/encrypt/server-side.go:27: cannot find package "golang.org/x/crypto/argon2" in any of:
/home/admin1/work/src/golang.org/x/net/idna/idna.go:23: cannot find package "golang.org/x/text/secure/bidirule" in any of:
/home/admin1/work/src/golang.org/x/net/idna/idna.go:24: cannot find package "golang.org/x/text/unicode/bidi" in any of:
/home/admin1/work/src/golang.org/x/net/idna/idna.go:25: cannot find package "golang.org/x/text/unicode/norm" in any of:

/home/admin1/work/src/github.com/user/minio/ObjectOperation>Finished running tool: /usr/local/go/bin/go vet ./...
/home/admin1/work/src/github.com/minio/minio-go/pkg/encrypt/server-side.go:27: cannot find package "golang.org/x/crypto/argon2" in any of:
/home/admin1/work/src/golang.org/x/net/idna/idna.go:23: cannot find package "golang.org/x/text/secure/bidirule" in any of:
/home/admin1/work/src/golang.org/x/net/idna/idna.go:24: cannot find package "golang.org/x/text/unicode/bidi" in any of:
/home/admin1/work/src/golang.org/x/net/idna/idna.go:25: cannot find package "golang.org/x/text/unicode/norm" in any of:

/home/admin1/work/src/github.com/user/minio/route>Finished running tool: /usr/local/go/bin/go vet ./...
/home/admin1/work/src/github.com/minio/minio-go/pkg/encrypt/server-side.go:27: cannot find package "golang.org/x/crypto/argon2" in any of:
/home/admin1/work/src/golang.org/x/net/idna/idna.go:23: cannot find package "golang.org/x/text/secure/bidirule" in any of:
/home/admin1/work/src/golang.org/x/net/idna/idna.go:24: cannot find package "golang.org/x/text/unicode/bidi" in any of:
/home/admin1/work/src/golang.org/x/net/idna/idna.go:25: cannot find package "golang.org/x/text/unicode/norm" in any of:

/home/admin1/work/src/github.com/user/minio/route>Finished running tool: /usr/local/go/bin/go build -i -o /tmp/vscode-gosT2DuA/go-code-check github.com/user/minio/route
/home/admin1/work/src/github.com/minio/minio-go/pkg/encrypt/server-side.go:27: cannot find package "golang.org/x/crypto/argon2" in any of:
/home/admin1/work/src/golang.org/x/net/idna/idna.go:23: cannot find package "golang.org/x/text/secure/bidirule" in any of:
/home/admin1/work/src/golang.org/x/net/idna/idna.go:24: cannot find package "golang.org/x/text/unicode/bidi" in any of:
/home/admin1/work/src/golang.org/x/net/idna/idna.go:25: cannot find package "golang.org/x/text/unicode/norm" in any of:

